[debug] [2025-01-20T12:07:39.938Z] ----------------------------------------------------------------------
[debug] [2025-01-20T12:07:39.943Z] Command:       /usr/local/bin/node /home/project/node_modules/.bin/firebase login:ci --no-localhost
[debug] [2025-01-20T12:07:39.947Z] CLI Version:   13.29.1
[debug] [2025-01-20T12:07:39.947Z] Platform:      linux
[debug] [2025-01-20T12:07:39.947Z] Node Version:  v18.20.3
[debug] [2025-01-20T12:07:39.948Z] Time:          Mon Jan 20 2025 17:37:39 GMT+0530 (India Standard Time)
[debug] [2025-01-20T12:07:39.948Z] ----------------------------------------------------------------------
[debug] 
[warn] ⚠  Authenticating with a `login:ci` token is deprecated and will be removed in a future major version of `firebase-tools`. Instead, use a service account key with `GOOGLE_APPLICATION_CREDENTIALS`: https://cloud.google.com/docs/authentication/getting-started 
[debug] [2025-01-20T12:07:40.089Z] >>> [apiv2][query] POST https://auth.firebase.tools/attest [none]
[debug] [2025-01-20T12:07:40.090Z] >>> [apiv2][body] POST https://auth.firebase.tools/attest {"session_id":"8cb9f83a-ac61-41ae-aa73-33ef493a14d7"}
[debug] [2025-01-20T12:07:40.941Z] <<< [apiv2][status] POST https://auth.firebase.tools/attest 200
[debug] [2025-01-20T12:07:40.942Z] <<< [apiv2][body] POST https://auth.firebase.tools/attest {"token":"6J7bB9TP3vTLB0tv6MiYNlHoUAam0zta1BQt1hfimOE"}
[info] 
[info] To sign in to the Firebase CLI:
[info] 
[info] 1. Take note of your session ID:
[info] 
[info]    8CB9F
[info] 
[info] 2. Visit the URL below on any device and follow the instructions to get your code:
[info] 
[info]    https://auth.firebase.tools/login?code_challenge=xfq3UJSfD3tcGXAc31cn_xpqHkesWtavfV3r8HtCnxs&session=8cb9f83a-ac61-41ae-aa73-33ef493a14d7&attest=6J7bB9TP3vTLB0tv6MiYNlHoUAam0zta1BQt1hfimOE
[info] 
[info] 3. Paste or enter the authorization code below once you have it:
[info] 
